10-29 21:41:02 com_github_MitjaNemec_ReplicateLayout.action_replicate_layout 392:Plugin executed on: 'win32'
10-29 21:41:02 com_github_MitjaNemec_ReplicateLayout.action_replicate_layout 393:Plugin executed with python version: '3.9.16 (main, Aug  8 2023, 05:38:28) [MSC v.1936 64 bit (AMD64)]'
10-29 21:41:02 com_github_MitjaNemec_ReplicateLayout.action_replicate_layout 394:KiCad build version: 7.0.8
10-29 21:41:02 com_github_MitjaNemec_ReplicateLayout.action_replicate_layout 395:Plugin version: 2.1.3
10-29 21:41:02 com_github_MitjaNemec_ReplicateLayout.action_replicate_layout 396:Frame repr: <wx._core.Frame object at 0x000001BB772A3040>
10-29 21:41:02 com_github_MitjaNemec_ReplicateLayout.action_replicate_layout 420:Preparing replicator with C1 as a reference
10-29 21:41:02 com_github_MitjaNemec_ReplicateLayout.replicate_layout 117:getting a list of all footprints on board
10-29 21:41:02 com_github_MitjaNemec_ReplicateLayout.action_replicate_layout 468:source anchor footprint is 'C1'
Located on: ['LedMatrix']
With filenames: ['LedMatrix.kicad_sch']
With sheet_id:['LedMatrix']
10-29 21:41:02 com_github_MitjaNemec_ReplicateLayout.action_replicate_layout 475:Corresponding footprints are 
[('C141', ['LedMatrix4']), ('C106', ['LedMatrix3']), ('C71', ['LedMatrix2']), ('C36', ['LedMatrix1']), ('C1', ['LedMatrix'])]
10-29 21:41:02 com_github_MitjaNemec_ReplicateLayout.action_replicate_layout 487:Showing dialog
10-29 21:41:02 com_github_MitjaNemec_ReplicateLayout.replicate_layout 424:constructing a list of sheets suitable for replication on level:'LedMatrix', file:'LedMatrix.kicad_sch'
10-29 21:41:02 com_github_MitjaNemec_ReplicateLayout.replicate_layout 461:suitable sheets are:[['LedMatrix1'], ['LedMatrix2'], ['LedMatrix3'], ['LedMatrix4']]
10-29 21:41:02 com_github_MitjaNemec_ReplicateLayout.replicate_layout 1464:Level selected: ['LedMatrix']
10-29 21:41:03 com_github_MitjaNemec_ReplicateLayout.replicate_layout 1299:Filtering list of tracks
10-29 21:41:03 com_github_MitjaNemec_ReplicateLayout.action_replicate_layout 493:Toolbar position: wx.Point(-30117, -31963)
10-29 21:41:03 com_github_MitjaNemec_ReplicateLayout.action_replicate_layout 498:Dialog position: wx.Point(-30556, -31963)
10-29 21:41:04 com_github_MitjaNemec_ReplicateLayout.action_replicate_layout 321:User canceled the dialog
